#
# There is insufficient memory for the Java Runtime Environment to continue.
# Native memory allocation (mmap) failed to map 132120576 bytes. Error detail: G1 virtual space
# Possible reasons:
#   The system is out of physical RAM or swap space
#   This process is running with CompressedOops enabled, and the Java Heap may be blocking the growth of the native heap
# Possible solutions:
#   Reduce memory load on the system
#   Increase physical memory or swap space
#   Check if swap backing store is full
#   Decrease Java heap size (-Xmx/-Xms)
#   Decrease number of Java threads
#   Decrease Java thread stack sizes (-Xss)
#   Set larger code cache with -XX:ReservedCodeCacheSize=
#   JVM is running with Unscaled Compressed Oops mode in which the Java heap is
#     placed in the first 4GB address space. The Java Heap base address is the
#     maximum limit for the native heap growth. Please use -XX:HeapBaseMinAddress
#     to set the Java Heap base and to place the Java Heap above 4GB virtual address.
# This output file may be truncated or incomplete.
#
#  Out of Memory Error (os_windows.cpp:3613), pid=33748, tid=16876
#
# JRE version:  (17.0.11+9) (build )
# Java VM: OpenJDK 64-Bit Server VM (17.0.11+9, mixed mode, sharing, tiered, compressed oops, compressed class ptrs, g1 gc, windows-amd64)
# No core dump will be written. Minidumps are not enabled by default on client versions of Windows
#

---------------  S U M M A R Y ------------

Command Line: 

Host: Intel(R) Core(TM) i5-9300H CPU @ 2.40GHz, 8 cores, 7G,  Windows 10 , 64 bit Build 19041 (10.0.19041.4597)
Time: Wed Jul 31 18:17:57 2024 Pacific Daylight Time elapsed time: 0.013501 seconds (0d 0h 0m 0s)

---------------  T H R E A D  ---------------

Current thread (0x000001cdec5b24e0):  JavaThread "Unknown thread" [_thread_in_vm, id=16876, stack(0x0000006fd9b00000,0x0000006fd9c00000)]

Stack: [0x0000006fd9b00000,0x0000006fd9c00000]
Native frames: (J=compiled Java code, j=interpreted, Vv=VM code, C=native code)
V  [jvm.dll+0x67d429]
V  [jvm.dll+0x834b7a]
V  [jvm.dll+0x83663e]
V  [jvm.dll+0x836ca3]
V  [jvm.dll+0x247dbf]
V  [jvm.dll+0x67a269]
V  [jvm.dll+0x66ecda]
V  [jvm.dll+0x30797b]
V  [jvm.dll+0x30ee26]
V  [jvm.dll+0x35e80e]
V  [jvm.dll+0x35ea3f]
V  [jvm.dll+0x2de6b8]
V  [jvm.dll+0x2df624]
V  [jvm.dll+0x806531]
V  [jvm.dll+0x36c561]
V  [jvm.dll+0x7e4f56]
V  [jvm.dll+0x3efdcf]
V  [jvm.dll+0x3f1921]
C  [jli.dll+0x528f]
C  [ucrtbase.dll+0x21bb2]
C  [KERNEL32.DLL+0x17374]
C  [ntdll.dll+0x4cc91]


---------------  P R O C E S S  ---------------

Threads class SMR info:
_java_thread_list=0x00007fffd3b3eed8, length=0, elements={
}

Java Threads: ( => current thread )

Other Threads:
  0x000001cdec60c770 GCTaskThread "GC Thread#0" [stack: 0x0000006fd9c00000,0x0000006fd9d00000] [id=34492]
  0x000001cdec61d240 ConcurrentGCThread "G1 Main Marker" [stack: 0x0000006fd9d00000,0x0000006fd9e00000] [id=26144]
  0x000001cdec61dc60 ConcurrentGCThread "G1 Conc#0" [stack: 0x0000006fd9e00000,0x0000006fd9f00000] [id=17676]

[error occurred during error reporting (printing all threads), id 0xc0000005, EXCEPTION_ACCESS_VIOLATION (0xc0000005) at pc=0x00007fffd32ff0f7]

VM state: not at safepoint (not fully initialized)

VM Mutex/Monitor currently owned by a thread:  ([mutex/lock_event])
[0x000001cdec5ae1c0] Heap_lock - owner thread: 0x000001cdec5b24e0

Heap address: 0x0000000082400000, size: 2012 MB, Compressed Oops mode: 32-bit

CDS archive(s) mapped at: [0x0000000000000000-0x0000000000000000-0x0000000000000000), size 0, SharedBaseAddress: 0x0000000800000000, ArchiveRelocationMode: 1.
Narrow klass base: 0x0000000000000000, Narrow klass shift: 0, Narrow klass range: 0x0

GC Precious Log:
<Empty>

Heap:
 garbage-first heap   total 0K, used 0K [0x0000000082400000, 0x0000000100000000)
  region size 1024K, 0 young (0K), 0 survivors (0K)

[error occurred during error reporting (printing heap information), id 0xc0000005, EXCEPTION_ACCESS_VIOLATION (0xc0000005) at pc=0x00007fffd36e70c9]

GC Heap History (0 events):
No events

Dll operation events (1 events):
Event: 0.007 Loaded shared library C:\Users\Poomon\.sonar\cache\4bafe2e94439c8193fc8c68247cb0dbaf4e80265b903288f63f128304f129bbe\OpenJDK17U-jre_x64_windows_hotspot_17.0.11_9.zip_unzip\jdk-17.0.11+9-jre\bin\java.dll

Deoptimization events (0 events):
No events

Classes unloaded (0 events):
No events

Classes redefined (0 events):
No events

Internal exceptions (0 events):
No events

VM Operations (0 events):
No events

Events (0 events):
No events


Dynamic libraries:
0x00007ff7504e0000 - 0x00007ff7504ee000 	C:\Users\Poomon\.sonar\cache\4bafe2e94439c8193fc8c68247cb0dbaf4e80265b903288f63f128304f129bbe\OpenJDK17U-jre_x64_windows_hotspot_17.0.11_9.zip_unzip\jdk-17.0.11+9-jre\bin\java.exe
0x00007ff842510000 - 0x00007ff842708000 	C:\WINDOWS\SYSTEM32\ntdll.dll
0x00007ff8413d0000 - 0x00007ff841491000 	C:\WINDOWS\System32\KERNEL32.DLL
0x00007ff83ff50000 - 0x00007ff840246000 	C:\WINDOWS\System32\KERNELBASE.dll
0x00007ff83fbf0000 - 0x00007ff83fcf0000 	C:\WINDOWS\System32\ucrtbase.dll
0x00007ff828b50000 - 0x00007ff828b67000 	C:\Users\Poomon\.sonar\cache\4bafe2e94439c8193fc8c68247cb0dbaf4e80265b903288f63f128304f129bbe\OpenJDK17U-jre_x64_windows_hotspot_17.0.11_9.zip_unzip\jdk-17.0.11+9-jre\bin\jli.dll
0x00007ff828b30000 - 0x00007ff828b4b000 	C:\Users\Poomon\.sonar\cache\4bafe2e94439c8193fc8c68247cb0dbaf4e80265b903288f63f128304f129bbe\OpenJDK17U-jre_x64_windows_hotspot_17.0.11_9.zip_unzip\jdk-17.0.11+9-jre\bin\VCRUNTIME140.dll
0x00007ff841da0000 - 0x00007ff841f3f000 	C:\WINDOWS\System32\USER32.dll
0x00007ff8271e0000 - 0x00007ff82747a000 	C:\WINDOWS\WinSxS\amd64_microsoft.windows.common-controls_6595b64144ccf1df_6.0.19041.4355_none_60b8b9eb71f62e16\COMCTL32.dll
0x00007ff83fbc0000 - 0x00007ff83fbe2000 	C:\WINDOWS\System32\win32u.dll
0x00007ff8405c0000 - 0x00007ff84065e000 	C:\WINDOWS\System32\msvcrt.dll
0x00007ff8407b0000 - 0x00007ff8407db000 	C:\WINDOWS\System32\GDI32.dll
0x00007ff8402c0000 - 0x00007ff8403d7000 	C:\WINDOWS\System32\gdi32full.dll
0x00007ff83fe00000 - 0x00007ff83fe9d000 	C:\WINDOWS\System32\msvcp_win.dll
0x00007ff842310000 - 0x00007ff84233f000 	C:\WINDOWS\System32\IMM32.DLL
0x00007ff82bd90000 - 0x00007ff82bd9c000 	C:\Users\Poomon\.sonar\cache\4bafe2e94439c8193fc8c68247cb0dbaf4e80265b903288f63f128304f129bbe\OpenJDK17U-jre_x64_windows_hotspot_17.0.11_9.zip_unzip\jdk-17.0.11+9-jre\bin\vcruntime140_1.dll
0x00007ff828aa0000 - 0x00007ff828b2d000 	C:\Users\Poomon\.sonar\cache\4bafe2e94439c8193fc8c68247cb0dbaf4e80265b903288f63f128304f129bbe\OpenJDK17U-jre_x64_windows_hotspot_17.0.11_9.zip_unzip\jdk-17.0.11+9-jre\bin\msvcp140.dll
0x00007fffd3010000 - 0x00007fffd3c72000 	C:\Users\Poomon\.sonar\cache\4bafe2e94439c8193fc8c68247cb0dbaf4e80265b903288f63f128304f129bbe\OpenJDK17U-jre_x64_windows_hotspot_17.0.11_9.zip_unzip\jdk-17.0.11+9-jre\bin\server\jvm.dll
0x00007ff841fa0000 - 0x00007ff842050000 	C:\WINDOWS\System32\ADVAPI32.dll
0x00007ff840710000 - 0x00007ff8407b0000 	C:\WINDOWS\System32\sechost.dll
0x00007ff842050000 - 0x00007ff842173000 	C:\WINDOWS\System32\RPCRT4.dll
0x00007ff83fd80000 - 0x00007ff83fda7000 	C:\WINDOWS\System32\bcrypt.dll
0x00007ff83f110000 - 0x00007ff83f15b000 	C:\WINDOWS\SYSTEM32\POWRPROF.dll
0x00007ff825b30000 - 0x00007ff825b39000 	C:\WINDOWS\SYSTEM32\WSOCK32.dll
0x00007ff838a20000 - 0x00007ff838a2a000 	C:\WINDOWS\SYSTEM32\VERSION.dll
0x00007ff82f220000 - 0x00007ff82f247000 	C:\WINDOWS\SYSTEM32\WINMM.dll
0x00007ff841ac0000 - 0x00007ff841b2b000 	C:\WINDOWS\System32\WS2_32.dll
0x00007ff83ef80000 - 0x00007ff83ef92000 	C:\WINDOWS\SYSTEM32\UMPDC.dll
0x00007ff83e390000 - 0x00007ff83e3a2000 	C:\WINDOWS\SYSTEM32\kernel.appcore.dll
0x00007ff82b6f0000 - 0x00007ff82b6fa000 	C:\Users\Poomon\.sonar\cache\4bafe2e94439c8193fc8c68247cb0dbaf4e80265b903288f63f128304f129bbe\OpenJDK17U-jre_x64_windows_hotspot_17.0.11_9.zip_unzip\jdk-17.0.11+9-jre\bin\jimage.dll
0x00007ff83d750000 - 0x00007ff83d934000 	C:\WINDOWS\SYSTEM32\DBGHELP.DLL
0x00007ff824db0000 - 0x00007ff824de4000 	C:\WINDOWS\SYSTEM32\dbgcore.DLL
0x00007ff83fcf0000 - 0x00007ff83fd72000 	C:\WINDOWS\System32\bcryptPrimitives.dll
0x00007ff828a70000 - 0x00007ff828a95000 	C:\Users\Poomon\.sonar\cache\4bafe2e94439c8193fc8c68247cb0dbaf4e80265b903288f63f128304f129bbe\OpenJDK17U-jre_x64_windows_hotspot_17.0.11_9.zip_unzip\jdk-17.0.11+9-jre\bin\java.dll

dbghelp: loaded successfully - version: 4.0.5 - missing functions: none
symbol engine: initialized successfully - sym options: 0x614 - pdb path: .;C:\Users\Poomon\.sonar\cache\4bafe2e94439c8193fc8c68247cb0dbaf4e80265b903288f63f128304f129bbe\OpenJDK17U-jre_x64_windows_hotspot_17.0.11_9.zip_unzip\jdk-17.0.11+9-jre\bin;C:\WINDOWS\SYSTEM32;C:\WINDOWS\WinSxS\amd64_microsoft.windows.common-controls_6595b64144ccf1df_6.0.19041.4355_none_60b8b9eb71f62e16;C:\Users\Poomon\.sonar\cache\4bafe2e94439c8193fc8c68247cb0dbaf4e80265b903288f63f128304f129bbe\OpenJDK17U-jre_x64_windows_hotspot_17.0.11_9.zip_unzip\jdk-17.0.11+9-jre\bin\server

VM Arguments:
java_command: <unknown>
java_class_path (initial): C:\Users\Poomon\Desktop\programing projects\Java\CSC 226\226\lib\algs4.jar;
Launcher Type: SUN_STANDARD

[Global flags]
     intx CICompilerCount                          = 4                                         {product} {ergonomic}
     uint ConcGCThreads                            = 2                                         {product} {ergonomic}
     uint G1ConcRefinementThreads                  = 8                                         {product} {ergonomic}
   size_t G1HeapRegionSize                         = 1048576                                   {product} {ergonomic}
    uintx GCDrainStackTargetSize                   = 64                                        {product} {ergonomic}
   size_t InitialHeapSize                          = 132120576                                 {product} {ergonomic}
   size_t MarkStackSize                            = 4194304                                   {product} {ergonomic}
   size_t MaxHeapSize                              = 2109734912                                {product} {ergonomic}
   size_t MinHeapDeltaBytes                        = 1048576                                   {product} {ergonomic}
   size_t MinHeapSize                              = 8388608                                   {product} {ergonomic}
    uintx NonNMethodCodeHeapSize                   = 5839372                                {pd product} {ergonomic}
    uintx NonProfiledCodeHeapSize                  = 122909434                              {pd product} {ergonomic}
    uintx ProfiledCodeHeapSize                     = 122909434                              {pd product} {ergonomic}
    uintx ReservedCodeCacheSize                    = 251658240                              {pd product} {ergonomic}
     bool SegmentedCodeCache                       = true                                      {product} {ergonomic}
   size_t SoftMaxHeapSize                          = 2109734912                             {manageable} {ergonomic}
     bool UseCompressedClassPointers               = true                           {product lp64_product} {ergonomic}
     bool UseCompressedOops                        = true                           {product lp64_product} {ergonomic}
     bool UseG1GC                                  = true                                      {product} {ergonomic}
     bool UseLargePagesIndividualAllocation        = false                                  {pd product} {ergonomic}

Logging:
Log output configuration:
 #0: stdout all=warning uptime,level,tags
 #1: stderr all=off uptime,level,tags

Environment Variables:
JAVA_HOME=C:\Users\Poomon\Desktop\programing projects\SonarQube\sonar-scanner-6.1.0.4477-windows-x64\bin\..\jre
CLASSPATH=C:\Users\Poomon\Desktop\programing projects\Java\CSC 226\226\lib\algs4.jar;
PATH=C:\Users\Poomon\Desktop\programing projects\SonarQube\sonar-scanner-6.1.0.4477-windows-x64\bin;C:\Program Files\Java\jdk-17\bin;C:\Program Files\RabbitMQ Server\rabbitmq_server-3.13.1\sbin;C:\MinGW\bin;C:\Program Files\Common Files\Oracle\Java\javapath;C:\Windows\system32;C:\Windows;C:\Windows\System32\Wbem;C:\Windows\System32\WindowsPowerShell\v1.0\;C:\Windows\System32\OpenSSH\;C:\Program Files (x86)\NVIDIA Corporation\PhysX\Common;C:\Program Files\NVIDIA Corporation\NVIDIA NvDLISR;C:\Program Files\Intel\WiFi\bin\;C:\Program Files\Common Files\Intel\WirelessCommon\;C:\WINDOWS\system32;C:\WINDOWS;C:\WINDOWS\System32\Wbem;C:\WINDOWS\System32\WindowsPowerShell\v1.0\;C:\WINDOWS\System32\OpenSSH\;C:\Program Files\Git\cmd;C:\Program Files\Java\jre1.8.0_291\bin;C:\Program Files\dotnet\;C:\Program Files\Amazon\AWSCLIV2\;C:\Users\Poomon\AppData\Roaming\npm\;C:\Program Files\nodejs\;C:\ProgramData\chocolatey\bin;C:\Program Files\Go\bin;C:\Program Files\Docker\Docker\resources\bin;C:\Program Files\apache-maven-3.9.7\bin;C:\Program Files\qemu;C:\Program Files\MySQL\MySQL Server 8.0\bin;C:\Program Files\Java\jdk-16.0.2\bin;C:\Users\Poomon\AppData\Local\Programs\Microsoft VS Code\bin;C:\Users\Poomon\AppData\Local\Programs\Python\Python39;C:\Users\Poomon\AppData\Local\Programs\Python\Python39\Scripts;C:\Program Files\heroku\bin;C:\Users\Poomon\AppData\Roaming\npm\;C:\Users\Poomon\AppData\Roaming\npm;C:\Program Files\JetBrains\CLion 2023.1.2\bin;;C:\Program Files\CMake\bin;C:\Users\Poomon\AppData\Roaming\TinyTeX\bin\windows;C:\Users\Poomon\go\bin;C:\Users\Poomon\AppData\Local\Google\Cloud SDK\google-cloud-sdk\bin;
USERNAME=Poomon
OS=Windows_NT
PROCESSOR_IDENTIFIER=Intel64 Family 6 Model 158 Stepping 10, GenuineIntel
TMP=C:\Users\Poomon\AppData\Local\Temp
TEMP=C:\Users\Poomon\AppData\Local\Temp



Periodic native trim disabled


---------------  S Y S T E M  ---------------

OS:
 Windows 10 , 64 bit Build 19041 (10.0.19041.4597)
OS uptime: 5 days 4:38 hours
Hyper-V role detected

CPU: total 8 (initial active 8) (4 cores per cpu, 2 threads per core) family 6 model 158 stepping 10 microcode 0xd2, cx8, cmov, fxsr, ht, mmx, 3dnowpref, sse, sse2, sse3, ssse3, sse4.1, sse4.2, popcnt, lzcnt, tsc, tscinvbit, avx, avx2, aes, erms, clmul, bmi1, bmi2, adx, fma, vzeroupper, clflush, clflushopt, hv
Processor Information for all 8 processors :
  Max Mhz: 2400, Current Mhz: 2400, Mhz Limit: 2400

Memory: 4k page, system-wide physical 8044M (579M free)
TotalPageFile size 32620M (AvailPageFile size 94M)
current process WorkingSet (physical memory assigned to process): 10M, peak: 10M
current process commit charge ("private bytes"): 60M, peak: 186M

vm_info: OpenJDK 64-Bit Server VM (17.0.11+9) for windows-amd64 JRE (17.0.11+9), built on Apr 17 2024 06:07:48 by "admin" with MS VC++ 16.10 / 16.11 (VS2019)

END.
